<?xml version="1.0" encoding="UTF-8"?>
<testsuite xmlns:xsi="http://www.w3.org/2001/XMLSchema-instance" xsi:noNamespaceSchemaLocation="https://maven.apache.org/surefire/maven-surefire-plugin/xsd/surefire-test-report.xsd" version="3.0.2" name="ServicioPagosTest" time="1.534" tests="6" errors="0" skipped="0" failures="0">
  <properties>
[...]
</properties>
  <testcase name="procesarPago_AprobarPagoValido" classname="ServicioPagosTest" time="1.453"/>
  <testcase name="procesarPago_RechazarElementoInvalido" classname="ServicioPagosTest" time="0.013"/>
  <testcase name="procesarPago_RechazarPagoSinUsuario" classname="ServicioPagosTest" time="0.013"/>
  <testcase name="obtenerPagosIdUsuario_RetornarListaVaciaSiNoHayPagos" classname="ServicioPagosTest" time="0.012"/>
  <testcase name="procesarPago_RechazarMontoIncorrecto" classname="ServicioPagosTest" time="0.008"/>
  <testcase name="obtenerPagosIdUsuario_RetornarPagosExistentes" classname="ServicioPagosTest" time="0.015"/>
</testsuite>